# JRE version: Java(TM) SE Runtime Environment 18.9 (11.0.7+8) (build 11.0.7+8-LTS)
# Java VM: Java HotSpot(TM) 64-Bit Server VM 18.9 (11.0.7+8-LTS, mixed mode, tiered, compressed oops, g1 gc, windows-amd64)
Heap:
 garbage-first heap   total 196608K, used 21914K [0x0000000760e00000, 0x0000000800000000)
  region size 1024K, 12 young (12288K), 12 survivors (12288K)
 Metaspace       used 58179K, capacity 59689K, committed 59900K, reserved 1101824K
  class space    used 7372K, capacity 7976K, committed 8012K, reserved 1048576K
GC Heap History (10 events):
Event: 2.935 GC heap after
{Heap after GC invocations=2 (full 0):
 garbage-first heap   total 163840K, used 7867K [0x0000000760e00000, 0x0000000800000000)
  region size 1024K, 2 young (2048K), 2 survivors (2048K)
 Metaspace       used 16868K, capacity 17341K, committed 17408K, reserved 1064960K
  class space    used 1801K, capacity 1984K, committed 2048K, reserved 1048576K
}
Event: 3.359 GC heap before
{Heap before GC invocations=2 (full 0):
 garbage-first heap   total 163840K, used 26299K [0x0000000760e00000, 0x0000000800000000)
  region size 1024K, 22 young (22528K), 2 survivors (2048K)
 Metaspace       used 20775K, capacity 21213K, committed 21296K, reserved 1069056K
  class space    used 2225K, capacity 2405K, committed 2432K, reserved 1048576K
}
Event: 3.364 GC heap after
{Heap after GC invocations=3 (full 0):
 garbage-first heap   total 163840K, used 8359K [0x0000000760e00000, 0x0000000800000000)
  region size 1024K, 2 young (2048K), 2 survivors (2048K)
 Metaspace       used 20775K, capacity 21213K, committed 21296K, reserved 1069056K
  class space    used 2225K, capacity 2405K, committed 2432K, reserved 1048576K
}
Event: 4.703 GC heap before
{Heap before GC invocations=4 (full 0):
 garbage-first heap   total 163840K, used 86183K [0x0000000760e00000, 0x0000000800000000)
  region size 1024K, 79 young (80896K), 2 survivors (2048K)
 Metaspace       used 25893K, capacity 26503K, committed 26748K, reserved 1073152K
  class space    used 2883K, capacity 3165K, committed 3276K, reserved 1048576K
}
Event: 4.715 GC heap after
{Heap after GC invocations=5 (full 0):
 garbage-first heap   total 163840K, used 10384K [0x0000000760e00000, 0x0000000800000000)
  region size 1024K, 4 young (4096K), 4 survivors (4096K)
 Metaspace       used 25893K, capacity 26503K, committed 26748K, reserved 1073152K
  class space    used 2883K, capacity 3165K, committed 3276K, reserved 1048576K
}
Event: 8.403 GC heap before
{Heap before GC invocations=5 (full 0):
 garbage-first heap   total 163840K, used 76944K [0x0000000760e00000, 0x0000000800000000)
  region size 1024K, 70 young (71680K), 4 survivors (4096K)
 Metaspace       used 34869K, capacity 35823K, committed 35964K, reserved 1081344K
  class space    used 4050K, capacity 4428K, committed 4556K, reserved 1048576K
}
Event: 8.423 GC heap after
{Heap after GC invocations=6 (full 0):
 garbage-first heap   total 163840K, used 13839K [0x0000000760e00000, 0x0000000800000000)
  region size 1024K, 8 young (8192K), 8 survivors (8192K)
 Metaspace       used 34869K, capacity 35823K, committed 35964K, reserved 1081344K
  class space    used 4050K, capacity 4428K, committed 4556K, reserved 1048576K
}
Event: 10.715 GC heap before
{Heap before GC invocations=7 (full 0):
 garbage-first heap   total 163840K, used 100879K [0x0000000760e00000, 0x0000000800000000)
  region size 1024K, 94 young (96256K), 8 survivors (8192K)
 Metaspace       used 42911K, capacity 44016K, committed 44156K, reserved 1087488K
  class space    used 5292K, capacity 5748K, committed 5836K, reserved 1048576K
}
Event: 10.735 GC heap after
{Heap after GC invocations=8 (full 0):
 garbage-first heap   total 163840K, used 15811K [0x0000000760e00000, 0x0000000800000000)
  region size 1024K, 8 young (8192K), 8 survivors (8192K)
 Metaspace       used 42911K, capacity 44016K, committed 44156K, reserved 1087488K
  class space    used 5292K, capacity 5748K, committed 5836K, reserved 1048576K
}
Event: 13.722 GC heap before
{Heap before GC invocations=8 (full 0):
 garbage-first heap   total 163840K, used 105923K [0x0000000760e00000, 0x0000000800000000)
  region size 1024K, 96 young (98304K), 8 survivors (8192K)
 Metaspace       used 58179K, capacity 59689K, committed 59900K, reserved 1101824K
  class space    used 7372K, capacity 7976K, committed 8012K, reserved 1048576K
}

